\BOOKMARK [1][-]{section.0.1}{Introduction}{}% 1
\BOOKMARK [1][-]{section.0.2}{Facility Description}{}% 2
\BOOKMARK [2][-]{subsection.0.2.1}{Facility Configuration}{section.0.2}% 3
\BOOKMARK [2][-]{subsection.0.2.2}{Beam Instrumentation}{section.0.2}% 4
\BOOKMARK [2][-]{subsection.0.2.3}{Beam Specification}{section.0.2}% 5
\BOOKMARK [2][-]{subsection.0.2.4}{Operating Conditions}{section.0.2}% 6
\BOOKMARK [1][-]{section.0.3}{Radiation Field}{}% 7
\BOOKMARK [2][-]{subsection.0.3.1}{Quantifying the Radiation Field}{section.0.3}% 8
\BOOKMARK [2][-]{subsection.0.3.2}{Metrics}{section.0.3}% 9
\BOOKMARK [2][-]{subsection.0.3.3}{Standards and Environments}{section.0.3}% 10
\BOOKMARK [2][-]{subsection.0.3.4}{FLUKA Calculations}{section.0.3}% 11
\BOOKMARK [1][-]{section.0.4}{FLUKA Results}{}% 12
\BOOKMARK [2][-]{subsection.0.4.1}{Overview}{section.0.4}% 13
\BOOKMARK [2][-]{subsection.0.4.2}{Hardness Factors}{section.0.4}% 14
\BOOKMARK [2][-]{subsection.0.4.3}{Copper Target without Shielding}{section.0.4}% 15
\BOOKMARK [2][-]{subsection.0.4.4}{Uncertainties}{section.0.4}% 16
\BOOKMARK [1][-]{section.0.5}{Measurements and Testing}{}% 17
\BOOKMARK [1][-]{section.0.6}{Summary}{}% 18
\BOOKMARK [1][-]{section.Alph0.1}{Appendix}{}% 19
\BOOKMARK [2][-]{subsection.Alph0.1.1}{Facility Information}{section.Alph0.1}% 20
\BOOKMARK [2][-]{subsection.Alph0.1.2}{FLUKA Data}{section.Alph0.1}% 21
