This is pdfTeX, Version 3.1415926-2.3-1.40.12 (MiKTeX 2.9) (preloaded format=pdflatex 2011.10.13)  30 JUN 2014 10:07
entering extended mode
**accnote.tex
(\\cern.ch\dfs\Users\m\mbaudin\Desktop\Templates\accnote.tex
LaTeX2e <2011/06/27>
Babel <v3.8m> and hyphenation patterns for english, afrikaans, ancientgreek, ar
abic, armenian, assamese, basque, bengali, bokmal, bulgarian, catalan, coptic, 
croatian, czech, danish, dutch, esperanto, estonian, farsi, finnish, french, ga
lician, german, german-x-2009-06-19, greek, gujarati, hindi, hungarian, iceland
ic, indonesian, interlingua, irish, italian, kannada, kurmanji, lao, latin, lat
vian, lithuanian, malayalam, marathi, mongolian, mongolianlmc, monogreek, ngerm
an, ngerman-x-2009-06-19, nynorsk, oriya, panjabi, pinyin, polish, portuguese, 
romanian, russian, sanskrit, serbian, slovak, slovenian, spanish, swedish, swis
sgerman, tamil, telugu, turkish, turkmen, ukenglish, ukrainian, uppersorbian, u
senglishmax, welsh, loaded.

LaTeX Warning: File `pictexa.tex' already exists on the system.
               Not generating it from this source.


LaTeX Warning: File `pictexa.eps' already exists on the system.
               Not generating it from this source.

(\\cern.ch\dfs\Users\m\mbaudin\Desktop\Templates\accnote.cls
Document Class: accnote 2013/10/16 Mathieu Baudin
(\\cern.ch\dfs\Users\m\mbaudin\Desktop\Templates\cernyrep.cls
Document Class: cernyrep 2009/05/13 cernyrep class (version 2.06)
(\\cern.ch\dfs\Users\m\mbaudin\Documents\LaTex\tex\latex\base\report.cls
Document Class: report 2007/10/19 v1.4h Standard LaTeX document class
(\\cern.ch\dfs\Users\m\mbaudin\Documents\LaTex\tex\latex\base\size11.clo
File: size11.clo 2007/10/19 v1.4h Standard LaTeX file (size option)
)
\c@part=\count79
\c@chapter=\count80
\c@section=\count81
\c@subsection=\count82
\c@subsubsection=\count83
\c@paragraph=\count84
\c@subparagraph=\count85
\c@figure=\count86
\c@table=\count87
\abovecaptionskip=\skip41
\belowcaptionskip=\skip42
\bibindent=\dimen102
)
(\\cern.ch\dfs\Users\m\mbaudin\Documents\LaTex\tex\latex\base\ifthen.sty
Package: ifthen 2001/05/26 v1.1c Standard LaTeX ifthen package (DPC)
)
(\\cern.ch\dfs\Users\m\mbaudin\Documents\LaTex\tex\latex\tools\calc.sty
Package: calc 2007/08/22 v4.3 Infix arithmetic (KKT,FJ)
\calc@Acount=\count88
\calc@Bcount=\count89
\calc@Adimen=\dimen103
\calc@Bdimen=\dimen104
\calc@Askip=\skip43
\calc@Bskip=\skip44
LaTeX Info: Redefining \setlength on input line 76.
LaTeX Info: Redefining \addtolength on input line 77.
\calc@Ccount=\count90
\calc@Cskip=\skip45
)
(\\cern.ch\dfs\Users\m\mbaudin\Documents\LaTex\tex\generic\oberdiek\ifpdf.sty
Package: ifpdf 2011/01/30 v2.3 Provides the ifpdf switch (HO)
Package ifpdf Info: pdfTeX in PDF mode is detected.
)
(\\cern.ch\dfs\Users\m\mbaudin\Documents\LaTex\tex\latex\cite\cite.sty
LaTeX Info: Redefining \cite on input line 302.
LaTeX Info: Redefining \nocite on input line 373.
Package: cite 2010/09/10  v 5.3
)
(\\cern.ch\dfs\Users\m\mbaudin\Documents\LaTex\tex\latex\fancyhdr\fancyhdr.sty
\fancy@headwidth=\skip46
\f@ncyO@elh=\skip47
\f@ncyO@erh=\skip48
\f@ncyO@olh=\skip49
\f@ncyO@orh=\skip50
\f@ncyO@elf=\skip51
\f@ncyO@erf=\skip52
\f@ncyO@olf=\skip53
\f@ncyO@orf=\skip54
) (\\cern.ch\dfs\Users\m\mbaudin\Documents\LaTex\tex\latex\truncate\truncate.st
y
Package: truncate 2001/08/20  ver 3.6
\@Trunc@RestHyph=\toks14
)

Package Fancyhdr Warning: \fancyhead's `E' option without twoside option is use
less on input line 122.

(\\cern.ch\dfs\Users\m\mbaudin\Documents\LaTex\tex\latex\base\fontenc.sty
Package: fontenc 2005/09/27 v1.99g Standard LaTeX package

(\\cern.ch\dfs\Users\m\mbaudin\Documents\LaTex\tex\latex\base\t1enc.def
File: t1enc.def 2005/09/27 v1.99g Standard LaTeX file
LaTeX Font Info:    Redeclaring font encoding T1 on input line 43.
))
(\\cern.ch\dfs\Users\m\mbaudin\Desktop\Templates\cernall.sty
Package: cernall 2009/01/06 CERN common LaTeX style components (version 1.37)

(\\cern.ch\dfs\Users\m\mbaudin\Documents\LaTex\tex\latex\tools\longtable.sty
Package: longtable 2004/02/01 v4.11 Multi-page Table package (DPC)
\LTleft=\skip55
\LTright=\skip56
\LTpre=\skip57
\LTpost=\skip58
\LTchunksize=\count91
\LTcapwidth=\dimen105
\LT@head=\box26
\LT@firsthead=\box27
\LT@foot=\box28
\LT@lastfoot=\box29
\LT@cols=\count92
\LT@rows=\count93
\c@LT@tables=\count94
\c@LT@chunks=\count95
\LT@p@ftn=\toks15
)
(\\cern.ch\dfs\Users\m\mbaudin\Documents\LaTex\tex\latex\tools\array.sty
Package: array 2008/09/09 v2.4c Tabular extension package (FMi)
\col@sep=\dimen106
\extrarowheight=\dimen107
\NC@list=\toks16
\extratabsurround=\skip59
\backup@length=\skip60
)
(\\cern.ch\dfs\Users\m\mbaudin\Documents\LaTex\tex\latex\tools\tabularx.sty
Package: tabularx 1999/01/07 v2.07 `tabularx' package (DPC)
\TX@col@width=\dimen108
\TX@old@table=\dimen109
\TX@old@col=\dimen110
\TX@target=\dimen111
\TX@delta=\dimen112
\TX@cols=\count96
\TX@ftn=\toks17
)
(\\cern.ch\dfs\Users\m\mbaudin\Documents\LaTex\tex\latex\tools\dcolumn.sty
Package: dcolumn 2001/05/28 v1.06 decimal alignment package (DPC)
)
(\\cern.ch\dfs\Users\m\mbaudin\Documents\LaTex\tex\latex\base\textcomp.sty
Package: textcomp 2005/09/27 v1.99g Standard LaTeX package
Package textcomp Info: Sub-encoding information:
(textcomp)               5 = only ISO-Adobe without \textcurrency
(textcomp)               4 = 5 + \texteuro
(textcomp)               3 = 4 + \textohm
(textcomp)               2 = 3 + \textestimated + \textcurrency
(textcomp)               1 = TS1 - \textcircled - \t
(textcomp)               0 = TS1 (full)
(textcomp)             Font families with sub-encoding setting implement
(textcomp)             only a restricted character set as indicated.
(textcomp)             Family '?' is the default used for unknown fonts.
(textcomp)             See the documentation for details.
Package textcomp Info: Setting ? sub-encoding to TS1/1 on input line 71.

(\\cern.ch\dfs\Users\m\mbaudin\Documents\LaTex\tex\latex\base\ts1enc.def
File: ts1enc.def 2001/06/05 v3.0e (jk/car/fm) Standard LaTeX file
)
LaTeX Info: Redefining \oldstylenums on input line 266.
Package textcomp Info: Setting cmr sub-encoding to TS1/0 on input line 281.
Package textcomp Info: Setting cmss sub-encoding to TS1/0 on input line 282.
Package textcomp Info: Setting cmtt sub-encoding to TS1/0 on input line 283.
Package textcomp Info: Setting cmvtt sub-encoding to TS1/0 on input line 284.
Package textcomp Info: Setting cmbr sub-encoding to TS1/0 on input line 285.
Package textcomp Info: Setting cmtl sub-encoding to TS1/0 on input line 286.
Package textcomp Info: Setting ccr sub-encoding to TS1/0 on input line 287.
Package textcomp Info: Setting ptm sub-encoding to TS1/4 on input line 288.
Package textcomp Info: Setting pcr sub-encoding to TS1/4 on input line 289.
Package textcomp Info: Setting phv sub-encoding to TS1/4 on input line 290.
Package textcomp Info: Setting ppl sub-encoding to TS1/3 on input line 291.
Package textcomp Info: Setting pag sub-encoding to TS1/4 on input line 292.
Package textcomp Info: Setting pbk sub-encoding to TS1/4 on input line 293.
Package textcomp Info: Setting pnc sub-encoding to TS1/4 on input line 294.
Package textcomp Info: Setting pzc sub-encoding to TS1/4 on input line 295.
Package textcomp Info: Setting bch sub-encoding to TS1/4 on input line 296.
Package textcomp Info: Setting put sub-encoding to TS1/5 on input line 297.
Package textcomp Info: Setting uag sub-encoding to TS1/5 on input line 298.
Package textcomp Info: Setting ugq sub-encoding to TS1/5 on input line 299.
Package textcomp Info: Setting ul8 sub-encoding to TS1/4 on input line 300.
Package textcomp Info: Setting ul9 sub-encoding to TS1/4 on input line 301.
Package textcomp Info: Setting augie sub-encoding to TS1/5 on input line 302.
Package textcomp Info: Setting dayrom sub-encoding to TS1/3 on input line 303.
Package textcomp Info: Setting dayroms sub-encoding to TS1/3 on input line 304.

Package textcomp Info: Setting pxr sub-encoding to TS1/0 on input line 305.
Package textcomp Info: Setting pxss sub-encoding to TS1/0 on input line 306.
Package textcomp Info: Setting pxtt sub-encoding to TS1/0 on input line 307.
Package textcomp Info: Setting txr sub-encoding to TS1/0 on input line 308.
Package textcomp Info: Setting txss sub-encoding to TS1/0 on input line 309.
Package textcomp Info: Setting txtt sub-encoding to TS1/0 on input line 310.
Package textcomp Info: Setting lmr sub-encoding to TS1/0 on input line 311.
Package textcomp Info: Setting lmdh sub-encoding to TS1/0 on input line 312.
Package textcomp Info: Setting lmss sub-encoding to TS1/0 on input line 313.
Package textcomp Info: Setting lmssq sub-encoding to TS1/0 on input line 314.
Package textcomp Info: Setting lmvtt sub-encoding to TS1/0 on input line 315.
Package textcomp Info: Setting qhv sub-encoding to TS1/0 on input line 316.
Package textcomp Info: Setting qag sub-encoding to TS1/0 on input line 317.
Package textcomp Info: Setting qbk sub-encoding to TS1/0 on input line 318.
Package textcomp Info: Setting qcr sub-encoding to TS1/0 on input line 319.
Package textcomp Info: Setting qcs sub-encoding to TS1/0 on input line 320.
Package textcomp Info: Setting qpl sub-encoding to TS1/0 on input line 321.
Package textcomp Info: Setting qtm sub-encoding to TS1/0 on input line 322.
Package textcomp Info: Setting qzc sub-encoding to TS1/0 on input line 323.
Package textcomp Info: Setting qhvc sub-encoding to TS1/0 on input line 324.
Package textcomp Info: Setting futs sub-encoding to TS1/4 on input line 325.
Package textcomp Info: Setting futx sub-encoding to TS1/4 on input line 326.
Package textcomp Info: Setting futj sub-encoding to TS1/4 on input line 327.
Package textcomp Info: Setting hlh sub-encoding to TS1/3 on input line 328.
Package textcomp Info: Setting hls sub-encoding to TS1/3 on input line 329.
Package textcomp Info: Setting hlst sub-encoding to TS1/3 on input line 330.
Package textcomp Info: Setting hlct sub-encoding to TS1/5 on input line 331.
Package textcomp Info: Setting hlx sub-encoding to TS1/5 on input line 332.
Package textcomp Info: Setting hlce sub-encoding to TS1/5 on input line 333.
Package textcomp Info: Setting hlcn sub-encoding to TS1/5 on input line 334.
Package textcomp Info: Setting hlcw sub-encoding to TS1/5 on input line 335.
Package textcomp Info: Setting hlcf sub-encoding to TS1/5 on input line 336.
Package textcomp Info: Setting pplx sub-encoding to TS1/3 on input line 337.
Package textcomp Info: Setting pplj sub-encoding to TS1/3 on input line 338.
Package textcomp Info: Setting ptmx sub-encoding to TS1/4 on input line 339.
Package textcomp Info: Setting ptmj sub-encoding to TS1/4 on input line 340.
)
(\\cern.ch\dfs\Users\m\mbaudin\Documents\LaTex\tex\latex\multirow\multirow.sty
\bigstrutjot=\dimen113
) (\\cern.ch\dfs\Users\m\mbaudin\Documents\LaTex\tex\latex\graphics\graphicx.st
y
Package: graphicx 1999/02/16 v1.0f Enhanced LaTeX Graphics (DPC,SPQR)
(\\cern.ch\dfs\Users\m\mbaudin\Documents\LaTex\tex\latex\graphics\keyval.sty
Package: keyval 1999/03/16 v1.13 key=value parser (DPC)
\KV@toks@=\toks18
)
(\\cern.ch\dfs\Users\m\mbaudin\Documents\LaTex\tex\latex\graphics\graphics.sty
Package: graphics 2009/02/05 v1.0o Standard LaTeX Graphics (DPC,SPQR)

(\\cern.ch\dfs\Users\m\mbaudin\Documents\LaTex\tex\latex\graphics\trig.sty
Package: trig 1999/03/16 v1.09 sin cos tan (DPC)
)
(\\cern.ch\dfs\Users\m\mbaudin\Documents\LaTex\tex\latex\00miktex\graphics.cfg
File: graphics.cfg 2007/01/18 v1.5 graphics configuration of teTeX/TeXLive
)
Package graphics Info: Driver file: pdftex.def on input line 91.
(\\cern.ch\dfs\Users\m\mbaudin\Documents\LaTex\tex\latex\pdftex-def\pdftex.def
File: pdftex.def 2011/05/27 v0.06d Graphics/color for pdfTeX

(\\cern.ch\dfs\Users\m\mbaudin\Documents\LaTex\tex\generic\oberdiek\infwarerr.s
ty
Package: infwarerr 2010/04/08 v1.3 Providing info/warning/message (HO)
)
(\\cern.ch\dfs\Users\m\mbaudin\Documents\LaTex\tex\generic\oberdiek\ltxcmds.sty
Package: ltxcmds 2011/04/18 v1.20 LaTeX kernel commands for general use (HO)
)
\Gread@gobject=\count97
))
\Gin@req@height=\dimen114
\Gin@req@width=\dimen115
) (\\cern.ch\dfs\Users\m\mbaudin\Documents\LaTex\tex\latex\ltxmisc\url.sty
\Urlmuskip=\muskip10
Package: url 2006/04/12  ver 3.3  Verb mode for urls, etc.
)
(\\cern.ch\dfs\Users\m\mbaudin\Documents\LaTex\tex\latex\tools\bm.sty
Package: bm 2004/02/26 v1.1c Bold Symbol Support (DPC/FMi)
\symboldoperators=\mathgroup4
\symboldletters=\mathgroup5
\symboldsymbols=\mathgroup6
LaTeX Font Info:    Redeclaring math alphabet \mathbf on input line 138.
LaTeX Info: Redefining \bm on input line 204.
)
(\\cern.ch\dfs\Users\m\mbaudin\Documents\LaTex\tex\latex\ams\math\amsmath.sty
Package: amsmath 2000/07/18 v2.13 AMS math features
\@mathmargin=\skip61

For additional information on amsmath, use the `?' option.
(\\cern.ch\dfs\Users\m\mbaudin\Documents\LaTex\tex\latex\ams\math\amstext.sty
Package: amstext 2000/06/29 v2.01

(\\cern.ch\dfs\Users\m\mbaudin\Documents\LaTex\tex\latex\ams\math\amsgen.sty
File: amsgen.sty 1999/11/30 v2.0
\@emptytoks=\toks19
\ex@=\dimen116
))
(\\cern.ch\dfs\Users\m\mbaudin\Documents\LaTex\tex\latex\ams\math\amsbsy.sty
Package: amsbsy 1999/11/29 v1.2d
LaTeX Info: Redefining \boldsymbol on input line 54.
\pmbraise@=\dimen117
)
(\\cern.ch\dfs\Users\m\mbaudin\Documents\LaTex\tex\latex\ams\math\amsopn.sty
Package: amsopn 1999/12/14 v2.01 operator names
)
\inf@bad=\count98
LaTeX Info: Redefining \frac on input line 211.
\uproot@=\count99
\leftroot@=\count100
LaTeX Info: Redefining \overline on input line 307.
\classnum@=\count101
\DOTSCASE@=\count102
LaTeX Info: Redefining \ldots on input line 379.
LaTeX Info: Redefining \dots on input line 382.
LaTeX Info: Redefining \cdots on input line 467.
\Mathstrutbox@=\box30
\strutbox@=\box31
\big@size=\dimen118
LaTeX Font Info:    Redeclaring font encoding OML on input line 567.
LaTeX Font Info:    Redeclaring font encoding OMS on input line 568.
\macc@depth=\count103
\c@MaxMatrixCols=\count104
\dotsspace@=\muskip11
\c@parentequation=\count105
\dspbrk@lvl=\count106
\tag@help=\toks20
\row@=\count107
\column@=\count108
\maxfields@=\count109
\andhelp@=\toks21
\eqnshift@=\dimen119
\alignsep@=\dimen120
\tagshift@=\dimen121
\tagwidth@=\dimen122
\totwidth@=\dimen123
\lineht@=\dimen124
\@envbody=\toks22
\multlinegap=\skip62
\multlinetaggap=\skip63
\mathdisplay@stack=\toks23
LaTeX Info: Redefining \[ on input line 2666.
LaTeX Info: Redefining \] on input line 2667.
)
(\\cern.ch\dfs\Users\m\mbaudin\Documents\LaTex\tex\latex\amsfonts\amssymb.sty
Package: amssymb 2009/06/22 v3.00

(\\cern.ch\dfs\Users\m\mbaudin\Documents\LaTex\tex\latex\amsfonts\amsfonts.sty
Package: amsfonts 2009/06/22 v3.00 Basic AMSFonts support
\symAMSa=\mathgroup7
\symAMSb=\mathgroup8
LaTeX Font Info:    Overwriting math alphabet `\mathfrak' in version `bold'
(Font)                  U/euf/m/n --> U/euf/b/n on input line 96.
)) (\\cern.ch\dfs\Users\m\mbaudin\Documents\LaTex\tex\latex\carlisle\slashed.st
y
Package: slashed 1997/01/16 v0.01 Feynman Slashed Character Notation (DPC)
)
(\\cern.ch\dfs\Users\m\mbaudin\Documents\LaTex\tex\latex\fancyvrb\fancyvrb.sty
Package: fancyvrb 2008/02/07

Style option: `fancyvrb' v2.7a, with DG/SPQR fixes, and firstline=lastline fix 
<2008/02/07> (tvz)
\FV@CodeLineNo=\count110
\FV@InFile=\read1
\FV@TabBox=\box32
\c@FancyVerbLine=\count111
\FV@StepNumber=\count112
\FV@OutFile=\write3
)
(\\cern.ch\dfs\Users\m\mbaudin\Documents\LaTex\tex\latex\tools\xspace.sty
Package: xspace 2009/10/20 v1.13 Space after command names (DPC,MH)
)
(\\cern.ch\dfs\Users\m\mbaudin\Desktop\Templates\heppennames2.sty
Package: heppennames2 2011/06/05 Elementary Particle Naming Scheme - Version (1
.5)

(\\cern.ch\dfs\Users\m\mbaudin\Desktop\Templates\hepparticles.sty
Package: hepparticles 2005/02/22 HEP particle typesetting (v1.4)

(\\cern.ch\dfs\Users\m\mbaudin\Desktop\Templates\maybemath.sty
Package: maybemath 2005/2/22
))
Declaring upgreek from Symbol scaled 90\%
\symugrf@m=\mathgroup9
LaTeX Info: Redefining \PGSpm on input line 331.
LaTeX Info: Redefining \PKst on input line 600.
LaTeX Info: Redefining \PBst on input line 711.
)
(\\cern.ch\dfs\Users\m\mbaudin\Desktop\Templates\cernchemsym.sty
Package: cernchemsym 2005/10/19 v.1.0 Chemical symbols
)
(\\cern.ch\dfs\Users\m\mbaudin\Desktop\Templates\cernunits.sty
Package: cernunits 2009/05/12 CERN units LaTeX style components (version 1.08)
)
(\\cern.ch\dfs\Users\m\mbaudin\Documents\LaTex\tex\latex\jknappen\mathrsfs.sty
Package: mathrsfs 1996/01/01 Math RSFS package v1.0 (jk)
\symrsfs=\mathgroup10
)
\c@instfoot=\count113
\Mylena=\skip64
\Mylenb=\skip65
\Mylenc=\skip66
))
(\\cern.ch\dfs\Users\m\mbaudin\Documents\LaTex\tex\latex\geometry\geometry.sty
Package: geometry 2010/09/12 v5.6 Page Geometry

(\\cern.ch\dfs\Users\m\mbaudin\Documents\LaTex\tex\generic\oberdiek\ifvtex.sty
Package: ifvtex 2010/03/01 v1.5 Switches for detecting VTeX and its modes (HO)
Package ifvtex Info: VTeX not detected.
) (\\cern.ch\dfs\Users\m\mbaudin\Documents\LaTex\tex\generic\ifxetex\ifxetex.st
y
Package: ifxetex 2010/09/12 v0.6 Provides ifxetex conditional
)
\Gm@cnth=\count114
\Gm@cntv=\count115
\c@Gm@tempcnt=\count116
\Gm@bindingoffset=\dimen125
\Gm@wd@mp=\dimen126
\Gm@odd@mp=\dimen127
\Gm@even@mp=\dimen128
\Gm@layoutwidth=\dimen129
\Gm@layoutheight=\dimen130
\Gm@layouthoffset=\dimen131
\Gm@layoutvoffset=\dimen132
\Gm@dimlist=\toks24

(\\cern.ch\dfs\Users\m\mbaudin\Documents\LaTex\tex\latex\geometry\geometry.cfg)
)
(\\cern.ch\dfs\Users\m\mbaudin\Documents\LaTex\tex\latex\datetime\datetime.sty
Package: datetime 2013/09/10 v2.59 Date Time Package

(\\cern.ch\dfs\Users\m\mbaudin\Documents\LaTex\tex\latex\etoolbox\etoolbox.sty
Package: etoolbox 2011/01/03 v2.1 e-TeX tools for LaTeX

(\\cern.ch\dfs\Users\m\mbaudin\Documents\LaTex\tex\latex\misc\etex.sty
Package: etex 1998/03/26 v2.0 eTeX basic definition package (PEB)
\et@xins=\count117
)
\etb@tempcnta=\count118
)
(\\cern.ch\dfs\Users\m\mbaudin\Documents\LaTex\tex\latex\fmtcount\fmtcount.sty
Package: fmtcount 2013/08/17 v2.03

(\\cern.ch\dfs\Users\m\mbaudin\Documents\LaTex\tex\latex\fmtcount\fcprefix.sty
Package: fcprefix 2012/09/28

(\\cern.ch\dfs\Users\m\mbaudin\Documents\LaTex\tex\latex\fmtcount\fcnumparser.s
ty
Package: fcnumparser 2012/09/28
\fc@digit@counter=\count119
))
\c@padzeroesN=\count120
\fc@tmpcatcode=\count121
\@DT@modctr=\count122
\@ordinalctr=\count123
\@orgargctr=\count124
\@strctr=\count125
\@tmpstrctr=\count126
\@DT@loopN=\count127
\@DT@X=\count128

(\\cern.ch\dfs\Users\m\mbaudin\Documents\LaTex\tex\latex\fmtcount\fc-english.de
f
File: fc-english.def 2013/08/17
))
(\\cern.ch\dfs\Users\m\mbaudin\Documents\LaTex\tex\latex\datetime\datetime-defa
ults.sty
Package: datetime-defaults 2013/09/10
)
\@day=\count129
\@month=\count130
\@year=\count131
\c@HOUR=\count132
\c@HOURXII=\count133
\c@MINUTE=\count134
\c@TOHOUR=\count135
\c@TOMINUTE=\count136
\c@SECOND=\count137
\currenthour=\count138
\currentminute=\count139
\currentsecond=\count140
Package datetime Info: No datetime.cfg file found, using default settings on in
put line 308.
\@dtctr=\count141
\dayofyear=\count142
\dayofweek=\count143
LaTeX Info: Redefining \today on input line 736.
\dt@a=\toks25
\dt@b=\toks26
))
No file accnote.aux.
LaTeX Font Info:    Checking defaults for OML/cmm/m/it on input line 510.
LaTeX Font Info:    ... okay on input line 510.
LaTeX Font Info:    Checking defaults for T1/cmr/m/n on input line 510.
LaTeX Font Info:    ... okay on input line 510.
LaTeX Font Info:    Checking defaults for OT1/cmr/m/n on input line 510.
LaTeX Font Info:    ... okay on input line 510.
LaTeX Font Info:    Checking defaults for OMS/cmsy/m/n on input line 510.
LaTeX Font Info:    ... okay on input line 510.
LaTeX Font Info:    Checking defaults for OMX/cmex/m/n on input line 510.
LaTeX Font Info:    ... okay on input line 510.
LaTeX Font Info:    Checking defaults for U/cmr/m/n on input line 510.
LaTeX Font Info:    ... okay on input line 510.
LaTeX Font Info:    Checking defaults for TS1/cmr/m/n on input line 510.
LaTeX Font Info:    Try loading font information for TS1+cmr on input line 510.

(\\cern.ch\dfs\Users\m\mbaudin\Documents\LaTex\tex\latex\base\ts1cmr.fd
File: ts1cmr.fd 1999/05/25 v2.5h Standard LaTeX font definitions
)
LaTeX Font Info:    ... okay on input line 510.
LaTeX Font Info:    Try loading font information for T1+ptm on input line 510.

(\\cern.ch\dfs\Users\m\mbaudin\Documents\LaTex\tex\latex\psnfss\t1ptm.fd
File: t1ptm.fd 2001/06/04 font definitions for T1/ptm.
)
(\\cern.ch\dfs\Users\m\mbaudin\Documents\LaTex\tex\context\base\supp-pdf.mkii
[Loading MPS to PDF converter (version 2006.09.02).]
\scratchcounter=\count144
\scratchdimen=\dimen133
\scratchbox=\box33
\nofMPsegments=\count145
\nofMParguments=\count146
\everyMPshowfont=\toks27
\MPscratchCnt=\count147
\MPscratchDim=\dimen134
\MPnumerator=\count148
\makeMPintoPDFobject=\count149
\everyMPtoPDFconversion=\toks28
)
*geometry* driver: auto-detecting
*geometry* detected driver: pdftex
*geometry* verbose mode - [ preamble ] result:
* driver: pdftex
* paper: <default>
* layout: <same size as paper>
* layoutoffset:(h,v)=(0.0pt,0.0pt)
* modes: 
* h-part:(L,W,R)=(71.13188pt, 455.24411pt, 71.13188pt)
* v-part:(T,H,B)=(56.9055pt, 731.23584pt, 56.9055pt)
* \paperwidth=597.50787pt
* \paperheight=845.04684pt
* \textwidth=455.24408pt
* \textheight=731.23584pt
* \oddsidemargin=-1.1381pt
* \evensidemargin=-1.1381pt
* \topmargin=-54.36449pt
* \headheight=14.0pt
* \headsep=25.0pt
* \topskip=11.0pt
* \footskip=30.0pt
* \marginparwidth=50.0pt
* \marginparsep=10.0pt
* \columnsep=10.0pt
* \skip\footins=10.0pt plus 4.0pt minus 2.0pt
* \hoffset=0.0pt
* \voffset=0.0pt
* \mag=1000
* \@twocolumnfalse
* \@twosidefalse
* \@mparswitchfalse
* \@reversemarginfalse
* (1in=72.27pt=25.4mm, 1cm=28.453pt)

<./Figures/CERN_Logo.png, id=1, 185.2521pt x 183.084pt>
File: ./Figures/CERN_Logo.png Graphic file (type png)

<use ./Figures/CERN_Logo.png>
Package pdftex.def Info: ./Figures/CERN_Logo.png used on input line 516.
(pdftex.def)             Requested size: 43.18373pt x 42.67912pt.
LaTeX Font Info:    Try loading font information for U+msa on input line 516.

(\\cern.ch\dfs\Users\m\mbaudin\Documents\LaTex\tex\latex\amsfonts\umsa.fd
File: umsa.fd 2009/06/22 v3.00 AMS symbols A
)
LaTeX Font Info:    Try loading font information for U+msb on input line 516.

(\\cern.ch\dfs\Users\m\mbaudin\Documents\LaTex\tex\latex\amsfonts\umsb.fd
File: umsb.fd 2009/06/22 v3.00 AMS symbols B
)
LaTeX Font Info:    Font shape `U/fsy/m/n' will be
(Font)              scaled to size 9.85492pt on input line 516.
LaTeX Font Info:    Font shape `U/fsy/m/n' will be
(Font)              scaled to size 7.19995pt on input line 516.
LaTeX Font Info:    Font shape `U/fsy/m/n' will be
(Font)              scaled to size 5.39996pt on input line 516.
LaTeX Font Info:    Try loading font information for U+rsfs on input line 516.

(\\cern.ch\dfs\Users\m\mbaudin\Documents\LaTex\tex\latex\jknappen\ursfs.fd
File: ursfs.fd 1998/03/24 rsfs font definition file (jk)
)
LaTeX Font Info:    Font shape `T1/ptm/bx/n' in size <10.95> not available
(Font)              Font shape `T1/ptm/b/n' tried instead on input line 516.

Overfull \hbox (2.0805pt too wide) in paragraph at lines 516--516
[] $[]$ $[]$
 []

LaTeX Font Info:    Font shape `T1/ptm/bx/n' in size <14.4> not available
(Font)              Font shape `T1/ptm/b/n' tried instead on input line 516.

Underfull \hbox (badness 10000) in paragraph at lines 516--516

 []

LaTeX Font Info:    Font shape `U/fsy/m/n' will be
(Font)              scaled to size 4.49997pt on input line 516.
LaTeX Font Info:    Font shape `U/fsy/m/n' will be
(Font)              scaled to size 8.09995pt on input line 516.
[1

{C:/Users/mbaudin/AppData/Local/MiKTeX/2.9/pdftex/config/pdftex.map} <//cern.ch
/dfs/Users/m/mbaudin/Desktop/Templates/Figures/CERN_Logo.png>]
No file accnote.toc.
\tf@toc=\write4
[1]
LaTeX Font Info:    Font shape `T1/ptm/bx/n' in size <12> not available
(Font)              Font shape `T1/ptm/b/n' tried instead on input line 533.


LaTeX Warning: Citation `Raby1966' on page 1 undefined on input line 537.


LaTeX Warning: Citation `Dupont1961' on page 1 undefined on input line 537.


LaTeX Warning: Citation `Raby1966' on page 1 undefined on input line 554.


LaTeX Warning: Citation `Appleman1959' on page 1 undefined on input line 555.


LaTeX Warning: Citation `vanBerg1965' on page 1 undefined on input line 555.


LaTeX Warning: Citation `Bryant1985' on page 1 undefined on input line 555.


LaTeX Warning: Citation `Allen1977' on page 1 undefined on input line 555.


LaTeX Warning: Reference `tab:LET' on page 1 undefined on input line 557.

LaTeX Font Info:    Font shape `T1/ptm/bx/n' in size <10> not available
(Font)              Font shape `T1/ptm/b/n' tried instead on input line 562.
LaTeX Font Info:    Font shape `T1/ptm/bx/it' in size <10.95> not available
(Font)              Font shape `T1/ptm/b/it' tried instead on input line 578.

LaTeX Warning: Reference `eq:a1' on page 1 undefined on input line 581.


LaTeX Warning: Reference `tab:LET' on page 1 undefined on input line 594.


LaTeX Warning: Reference `sec:sss' on page 1 undefined on input line 597.


LaTeX Warning: Citation `cernrep' on page 1 undefined on input line 598.

<pictexa.pdf, id=16, 174.6525pt x 118.4425pt>
File: pictexa.pdf Graphic file (type pdf)
 <use pictexa.pdf>
Package pdftex.def Info: pictexa.pdf used on input line 604.
(pdftex.def)             Requested size: 170.71652pt x 115.78006pt.
 [1 <//cern.ch/dfs/Users/m/mbaudin/Desktop/Templates/pictexa.pdf>]
LaTeX Font Info:    Try loading font information for T1+cmtt on input line 638.


(\\cern.ch\dfs\Users\m\mbaudin\Documents\LaTex\tex\latex\base\t1cmtt.fd
File: t1cmtt.fd 1999/05/25 v2.5h Standard LaTeX font definitions
)
[2] (\\cern.ch\dfs\Users\m\mbaudin\Desktop\Templates\accnote.aux)

LaTeX Warning: There were undefined references.


LaTeX Warning: Label(s) may have changed. Rerun to get cross-references right.

 ) 
Here is how much of TeX's memory you used:
 7446 strings out of 494045
 86958 string characters out of 3141126
 162156 words of memory out of 3000000
 10544 multiletter control sequences out of 15000+200000
 55215 words of font info for 94 fonts, out of 3000000 for 9000
 715 hyphenation exceptions out of 8191
 52i,11n,47p,1023b,347s stack positions out of 5000i,500n,10000p,200000b,50000s
 <C:\Users\mbaudin\AppData\Local\MiKTeX\2.9\fonts\pk\ljfour\jknappen\ec\dpi60
0\ectt1095.pk>{//cern.ch/dfs/Users/m/mbaudin/Documents/LaTex/fonts/enc/dvips/fo
ntname/8r.enc}<//cern.ch/dfs/Users/m/mbaudin/Documents/LaTex/fonts/type1/public
/amsfonts/cm/cmmi10.pfb><//cern.ch/dfs/Users/m/mbaudin/Documents/LaTex/fonts/ty
pe1/public/amsfonts/cm/cmmi8.pfb><//cern.ch/dfs/Users/m/mbaudin/Documents/LaTex
/fonts/type1/public/amsfonts/cm/cmr10.pfb><//cern.ch/dfs/Users/m/mbaudin/Docume
nts/LaTex/fonts/type1/public/amsfonts/cm/cmsy6.pfb><//cern.ch/dfs/Users/m/mbaud
in/Documents/LaTex/fonts/type1/public/amsfonts/cm/cmsy8.pfb><//cern.ch/dfs/User
s/m/mbaudin/Documents/LaTex/fonts/type1/urw/times/utmb8a.pfb><//cern.ch/dfs/Use
rs/m/mbaudin/Documents/LaTex/fonts/type1/urw/times/utmbi8a.pfb><//cern.ch/dfs/U
sers/m/mbaudin/Documents/LaTex/fonts/type1/urw/times/utmr8a.pfb><//cern.ch/dfs/
Users/m/mbaudin/Documents/LaTex/fonts/type1/urw/times/utmri8a.pfb>
Output written on accnote.pdf (4 pages, 154915 bytes).
PDF statistics:
 85 PDF objects out of 1000 (max. 8388607)
 0 named destinations out of 1000 (max. 500000)
 11 words of extra memory for PDF output out of 10000 (max. 10000000)

